Case #1: our language is impossible to understand

Case #2: there are twenty six factorial possibilities

Case #3: so it is okay if you want to just give up

Case #4: xoggk d yl wxo vkkvgo ekso uyl wonw sywy

Case #5: xkf yto akj

Case #6: yabba dabba yabba dabba yabba dabba yabba dabba yabba dabba yabba dabba yabba dabba yabba dooooooooo

Case #7: a b c d e f g h i j k l m n o p q r s t u v y w x y z now i know my abcs

Case #8: next time wont you sing with me

Case #9: thank you but the real googlerese is in another castle

Case #10: pneumonoultramicroscopicsilicovolcanoconiosis

Case #11: swift as the wind quiet as the forest steady as the mountain

Case #12: now that you know googlerese please do not use it to hack into our systems

Case #13: why do programmers always mix up halloween and christmas

Case #14: by the pricking of my thumbs something wicked this way comes

Case #15: dr zaius dr zaius dr zaius dr zaius ooooooooooooh dr zaius

Case #16: all your base are belong to error the spoony bard

Case #17: friends dont let friends let scientific progress go boink

Case #18: buff tryndamere and amumu

Case #19: you know you want to

Case #20: this is so exciting i have to go the bathroom

Case #21: how are you holding up because im a potato

Case #22: you better cut the pizza in four pieces because im not hungry enough to eat six

Case #23: i have bested fruit spike and moon now i shall best you the guy

Case #24: translating text is not goros strength

Case #25: strength is goros strength

Case #26: it was the best of times it was the blurst of times

Case #27: now is the summer of our lack of discontent

Case #28: for those who speak in a tongue do not speak to other people

Case #29: nobody understands them since they are speaking mysteries in the spirit

Case #30: an eye for an eye and a pigeon for a pigeon

